mode: set
project11/JackAnalyzer.go:9.13,11.22 1 0
project11/JackAnalyzer.go:11.22,13.3 1 0
project11/JackAnalyzer.go:15.2,19.16 3 0
project11/JackAnalyzer.go:19.16,21.3 1 0
project11/JackAnalyzer.go:22.2,25.16 3 0
project11/JackAnalyzer.go:25.16,27.3 1 0
project11/JackAnalyzer.go:29.2,30.22 2 0
project11/JackAnalyzer.go:30.22,33.3 2 0
project11/JackAnalyzer.go:33.8,35.3 1 0
project11/JackAnalyzer.go:37.2,37.33 1 0
project11/JackAnalyzer.go:37.33,40.12 3 0
project11/JackAnalyzer.go:40.12,42.4 1 0
project11/JackAnalyzer.go:43.3,44.17 2 0
project11/JackAnalyzer.go:44.17,46.4 1 0
project11/JackAnalyzer.go:47.3,51.12 4 0
project11/JackAnalyzer.go:51.12,53.4 1 0
project11/JackAnalyzer.go:53.9,55.4 1 0
project11/JackAnalyzer.go:56.3,57.22 2 0
project11/JackAnalyzer.go:57.22,59.4 1 0
project11/JackAnalyzer.go:63.27,66.2 2 0
project11/JackAnalyzer.go:68.40,71.16 3 0
project11/JackAnalyzer.go:71.16,73.3 1 0
project11/JackAnalyzer.go:75.2,75.29 1 0
project11/JackAnalyzer.go:75.29,76.46 1 0
project11/JackAnalyzer.go:76.46,77.18 1 0
project11/JackAnalyzer.go:77.18,79.5 1 0
project11/JackAnalyzer.go:80.4,80.46 1 0
project11/JackAnalyzer.go:84.2,84.18 1 0
project11/parser.go:31.52,39.2 7 1
project11/parser.go:41.30,54.44 6 1
project11/parser.go:54.44,56.3 1 0
project11/parser.go:58.2,60.21 1 1
project11/parser.go:60.21,62.3 1 1
project11/parser.go:69.38,92.21 12 1
project11/parser.go:92.21,94.3 1 1
project11/parser.go:96.2,103.10 5 1
project11/parser.go:106.41,107.22 1 1
project11/parser.go:107.22,114.19 5 1
project11/parser.go:114.19,117.4 2 0
project11/parser.go:122.38,123.39 1 1
project11/parser.go:123.39,124.16 1 1
project11/parser.go:125.14,126.18 1 1
project11/parser.go:127.16,128.20 1 1
project11/parser.go:129.13,130.17 1 1
project11/parser.go:131.13,132.17 1 1
project11/parser.go:133.17,134.21 1 1
project11/parser.go:140.34,145.37 3 1
project11/parser.go:145.37,147.3 1 0
project11/parser.go:149.2,151.10 2 1
project11/parser.go:155.30,163.18 4 1
project11/parser.go:163.18,171.3 4 1
project11/parser.go:174.2,181.15 4 1
project11/parser.go:181.16,183.3 0 1
project11/parser.go:184.2,186.10 2 1
project11/parser.go:192.30,211.41 13 1
project11/parser.go:211.41,220.34 5 1
project11/parser.go:220.34,222.4 1 0
project11/parser.go:225.3,225.11 1 1
project11/parser.go:227.2,227.27 1 1
project11/parser.go:231.31,238.18 4 1
project11/parser.go:238.18,244.3 5 0
project11/parser.go:246.2,251.10 5 1
project11/parser.go:255.33,277.2 13 1
project11/parser.go:280.40,282.37 2 1
project11/parser.go:282.37,292.3 4 1
project11/parser.go:295.52,296.16 1 1
project11/parser.go:296.16,298.3 1 0
project11/parser.go:299.2,299.30 1 1
project11/parser.go:299.30,302.3 2 0
project11/parser.go:302.8,302.39 1 1
project11/parser.go:302.39,305.3 2 1
project11/parser.go:308.51,309.16 1 1
project11/parser.go:309.16,311.3 1 1
project11/parser.go:312.2,312.30 1 1
project11/parser.go:312.30,315.3 2 0
project11/parser.go:315.8,315.39 1 1
project11/parser.go:315.39,318.3 2 1
project11/parser.go:321.33,322.15 1 1
project11/parser.go:323.11,325.11 2 1
project11/parser.go:326.12,328.11 2 0
project11/parser.go:329.15,330.16 1 1
project11/parser.go:331.15,334.23 3 1
project11/parser.go:335.16,338.23 3 1
project11/parser.go:339.11,340.50 1 0
project11/parser.go:342.3,342.11 1 1
project11/parser.go:343.13,350.19 5 1
project11/parser.go:350.19,356.4 5 0
project11/parser.go:356.9,356.26 1 1
project11/parser.go:356.26,369.18 7 1
project11/parser.go:369.18,371.5 1 0
project11/parser.go:371.10,376.5 4 1
project11/parser.go:379.4,379.12 1 1
project11/parser.go:380.9,380.26 1 1
project11/parser.go:380.26,386.4 5 0
project11/parser.go:392.14,393.19 1 1
project11/parser.go:393.19,399.4 5 1
project11/parser.go:399.9,399.42 1 1
project11/parser.go:399.42,404.4 4 1
project11/parser.go:405.10,405.10 0 0
project11/parser.go:410.46,413.37 2 1
project11/parser.go:413.37,416.39 3 1
project11/parser.go:416.39,421.4 3 1
project11/parser.go:425.2,425.18 1 1
project11/parser.go:425.18,427.39 2 0
project11/parser.go:427.39,431.4 3 0
project11/parser.go:434.2,434.14 1 1
project11/parser.go:444.34,449.2 3 1
project11/parser.go:451.61,460.19 6 1
project11/parser.go:460.19,469.3 4 1
project11/parser.go:472.2,472.10 1 1
project11/parser.go:475.39,481.2 3 0
project11/parser.go:483.34,485.2 1 1
project11/parser.go:487.25,489.20 2 1
project11/parser.go:489.20,492.3 2 1
project11/parser.go:493.2,496.48 4 1
project11/parser.go:502.34,503.18 1 1
project11/parser.go:503.18,505.3 1 0
project11/parser.go:507.2,507.21 1 1
project11/parser.go:507.21,510.3 1 1
project11/parser.go:512.2,512.18 1 1
project11/parser.go:512.18,515.3 1 0
project11/parser.go:517.2,517.19 1 1
project11/parser.go:517.19,520.3 1 0
project11/parser.go:525.33,527.2 1 1
project11/parser.go:534.3,535.15 1 1
project11/parser.go:536.13,537.38 1 0
project11/parser.go:538.18,539.40 1 1
project11/parser.go:543.45,545.2 1 1
project11/scanner.go:20.36,26.2 4 1
project11/scanner.go:28.50,31.15 2 1
project11/scanner.go:31.15,33.3 1 1
project11/scanner.go:35.2,35.21 1 1
project11/scanner.go:36.20,38.20 2 1
project11/scanner.go:39.21,40.28 1 1
project11/scanner.go:41.10,43.13 2 1
project11/scanner.go:44.12,46.24 2 1
project11/scanner.go:47.12,48.13 1 0
project11/scanner.go:49.12,50.34 1 1
project11/scanner.go:50.34,54.5 2 1
project11/scanner.go:54.10,58.5 2 0
project11/scanner.go:59.11,61.16 2 1
project11/scanner.go:65.2,65.8 1 1
project11/scanner.go:68.26,69.30 1 1
project11/scanner.go:69.30,73.3 3 1
project11/scanner.go:75.2,78.9 3 1
project11/scanner.go:79.14,80.34 1 0
project11/scanner.go:81.25,83.36 2 0
project11/scanner.go:83.36,85.4 1 0
project11/scanner.go:87.2,88.17 2 1
project11/scanner.go:91.43,93.46 2 1
project11/scanner.go:93.46,96.25 1 1
project11/scanner.go:96.25,97.12 1 1
project11/scanner.go:99.3,103.8 5 1
project11/scanner.go:106.2,106.37 1 1
project11/scanner.go:109.56,112.46 3 1
project11/scanner.go:112.46,113.27 1 1
project11/scanner.go:113.27,114.12 1 1
project11/scanner.go:116.3,120.8 5 1
project11/scanner.go:122.2,124.8 2 1
project11/scanner.go:127.39,129.6 2 1
project11/scanner.go:129.6,131.27 2 1
project11/scanner.go:131.27,132.9 1 0
project11/scanner.go:134.3,135.16 2 1
project11/scanner.go:135.16,136.9 1 1
project11/scanner.go:140.2,140.41 1 1
project11/scanner.go:143.40,146.17 2 1
project11/scanner.go:146.17,148.32 2 1
project11/scanner.go:148.32,150.4 1 1
project11/scanner.go:151.3,151.12 1 1
project11/scanner.go:155.2,157.15 3 1
project11/scanner.go:157.15,160.31 3 1
project11/scanner.go:160.31,162.13 2 1
project11/scanner.go:167.2,169.12 3 1
project11/scanner.go:172.36,173.66 1 1
project11/scanner.go:173.66,175.3 1 1
project11/scanner.go:178.32,180.2 1 1
project11/scanner.go:182.29,186.2 1 1
project11/scanner.go:188.30,188.57 1 1
project11/scanner.go:189.30,189.63 1 1
project11/symbol_table.go:28.36,33.2 1 1
project11/symbol_table.go:39.3,41.9 2 1
project11/symbol_table.go:41.9,43.3 1 1
project11/symbol_table.go:43.8,45.3 1 1
project11/symbol_table.go:47.2,48.8 2 1
project11/symbol_table.go:48.8,50.3 1 0
project11/symbol_table.go:52.2,61.24 3 1
project11/symbol_table.go:65.50,67.2 1 1
project11/symbol_table.go:70.50,72.2 1 1
project11/symbol_table.go:75.57,77.2 1 1
project11/symbol_table.go:80.69,85.2 3 1
project11/symbol_table.go:88.57,90.9 2 1
project11/symbol_table.go:90.9,92.3 1 1
project11/symbol_table.go:94.2,94.14 1 1
project11/symbol_table.go:97.51,100.2 2 1
project11/symbol_table.go:102.32,109.25 6 0
project11/symbol_table.go:109.25,111.21 2 0
project11/symbol_table.go:111.21,113.4 1 0
project11/symbol_table.go:114.3,117.33 4 0
project11/symbol_table.go:120.2,121.15 2 0
project11/symbol_table.go:124.39,125.11 1 1
project11/symbol_table.go:126.14,127.18 1 0
project11/symbol_table.go:128.13,129.17 1 0
project11/symbol_table.go:130.11,131.17 1 1
project11/symbol_table.go:132.11,133.20 1 1
project11/symbol_table.go:136.2,136.11 1 0
project11/symbol_table.go:139.41,140.20 1 0
project11/symbol_table.go:140.20,142.3 1 0
project11/symbol_table.go:144.2,144.21 1 0
project11/symbol_table.go:144.21,146.3 1 0
project11/symbol_table.go:148.2,148.18 1 0
project11/symbol_table.go:148.18,150.3 1 0
project11/symbol_table.go:152.2,152.23 1 0
project11/symbol_table.go:152.23,154.3 1 0
project11/symbol_table.go:156.2,156.18 1 0
project11/token.go:124.34,126.42 2 1
project11/token.go:126.42,128.3 1 1
project11/token.go:129.2,129.13 1 1
project11/token.go:129.13,131.3 1 0
project11/token.go:133.2,133.10 1 1
project11/token.go:140.13,142.49 2 1
project11/token.go:142.49,144.3 1 1
project11/token.go:146.2,147.47 2 1
project11/token.go:147.47,149.3 1 1
project11/token.go:151.2,152.39 2 1
project11/token.go:152.39,154.3 1 1
project11/token.go:157.33,158.34 1 1
project11/token.go:158.34,160.3 1 1
project11/token.go:162.2,162.14 1 1
project11/token.go:165.34,166.34 1 1
project11/token.go:166.34,168.3 1 1
project11/token.go:170.2,170.12 1 0
project11/token.go:172.30,175.2 2 0
project11/token.go:177.26,180.2 2 1
project11/vm_writer.go:14.30,19.2 1 1
project11/vm_writer.go:25.3,30.2 3 1
project11/vm_writer.go:35.3,43.2 5 1
project11/vm_writer.go:50.3,58.2 6 1
project11/vm_writer.go:60.77,64.2 3 1
project11/vm_writer.go:66.69,70.2 3 1
project11/vm_writer.go:72.39,77.2 4 1
project11/vm_writer.go:79.39,82.2 2 1
project11/vm_writer.go:84.34,89.2 4 1
project11/vm_writer.go:91.39,93.12 2 1
project11/vm_writer.go:94.11,95.36 1 1
project11/vm_writer.go:96.11,97.19 1 1
project11/vm_writer.go:98.11,99.19 1 0
project11/vm_writer.go:100.11,101.18 1 0
project11/vm_writer.go:102.11,103.18 1 1
project11/vm_writer.go:104.11,105.19 1 1
project11/vm_writer.go:106.11,107.18 1 1
project11/vm_writer.go:108.11,109.19 1 1
project11/vm_writer.go:110.10,111.21 1 0
project11/vm_writer.go:115.42,117.2 1 1
project11/vm_writer.go:119.32,121.2 1 0
project11/vm_writer.go:123.38,124.15 1 1
project11/vm_writer.go:124.15,126.3 1 1
project11/vm_writer.go:128.2,128.21 1 1
project11/vm_writer.go:131.38,133.2 1 0
project11/vm_writer.go:135.33,138.2 2 1
project11/vm_writer.go:140.32,146.2 4 1
project11/vm_writer.go:148.38,150.2 1 1
project11/vm_writer.go:152.33,154.2 1 1
project11/vm_writer.go:156.53,159.2 2 1
project11/vm_writer.go:161.49,162.30 1 1
project11/vm_writer.go:162.30,164.3 1 1
