mode: set
project10/JackAnalyzer.go:9.13,12.22 1 0
project10/JackAnalyzer.go:12.22,14.3 1 0
project10/JackAnalyzer.go:16.2,20.16 3 0
project10/JackAnalyzer.go:20.16,22.3 1 0
project10/JackAnalyzer.go:23.2,26.16 3 0
project10/JackAnalyzer.go:26.16,28.3 1 0
project10/JackAnalyzer.go:30.2,30.22 1 0
project10/JackAnalyzer.go:30.22,32.3 1 0
project10/JackAnalyzer.go:32.8,34.3 1 0
project10/JackAnalyzer.go:36.2,37.33 2 0
project10/JackAnalyzer.go:37.33,39.17 2 0
project10/JackAnalyzer.go:39.17,41.4 1 0
project10/JackAnalyzer.go:42.3,46.22 4 0
project10/JackAnalyzer.go:46.22,48.4 1 0
project10/JackAnalyzer.go:53.27,56.2 2 0
project10/JackAnalyzer.go:58.40,61.16 3 0
project10/JackAnalyzer.go:61.16,63.3 1 0
project10/JackAnalyzer.go:65.2,65.29 1 0
project10/JackAnalyzer.go:65.29,66.46 1 0
project10/JackAnalyzer.go:66.46,67.18 1 0
project10/JackAnalyzer.go:67.18,69.5 1 0
project10/JackAnalyzer.go:70.4,70.46 1 0
project10/JackAnalyzer.go:74.2,74.18 1 0
project10/parser.go:25.52,31.2 5 1
project10/parser.go:33.30,45.44 10 1
project10/parser.go:45.44,47.3 1 1
project10/parser.go:48.2,50.21 1 1
project10/parser.go:50.21,52.3 1 1
project10/parser.go:54.2,56.25 3 1
project10/parser.go:59.38,82.21 18 1
project10/parser.go:82.21,84.3 1 1
project10/parser.go:86.2,93.10 7 1
project10/parser.go:96.38,100.23 3 1
project10/parser.go:100.23,101.16 1 1
project10/parser.go:102.14,103.18 1 1
project10/parser.go:104.16,105.20 1 1
project10/parser.go:106.13,107.17 1 1
project10/parser.go:108.13,109.17 1 1
project10/parser.go:110.17,111.21 1 1
project10/parser.go:115.2,116.45 2 1
project10/parser.go:119.34,126.37 5 1
project10/parser.go:126.37,128.3 1 1
project10/parser.go:130.2,134.10 4 1
project10/parser.go:138.30,147.18 7 1
project10/parser.go:147.18,152.3 4 1
project10/parser.go:154.2,166.10 9 1
project10/parser.go:170.30,192.41 15 1
project10/parser.go:192.41,203.3 7 1
project10/parser.go:205.2,206.46 2 1
project10/parser.go:210.31,220.18 7 1
project10/parser.go:220.18,226.3 5 1
project10/parser.go:228.2,236.10 7 1
project10/parser.go:240.33,265.2 16 1
project10/parser.go:267.39,272.37 4 1
project10/parser.go:272.37,276.3 3 1
project10/parser.go:278.2,279.45 2 1
project10/parser.go:282.32,286.15 3 1
project10/parser.go:287.11,289.11 2 1
project10/parser.go:290.12,292.11 2 1
project10/parser.go:293.15,295.11 2 1
project10/parser.go:296.13,300.19 3 1
project10/parser.go:300.19,306.4 5 1
project10/parser.go:306.9,306.26 1 1
project10/parser.go:306.26,316.4 8 1
project10/parser.go:316.9,316.26 1 1
project10/parser.go:316.26,322.4 5 0
project10/parser.go:322.9,322.42 1 1
project10/parser.go:322.42,326.4 3 0
project10/parser.go:327.10,327.10 0 0
project10/parser.go:330.2,331.39 2 1
project10/parser.go:334.42,338.37 3 1
project10/parser.go:338.37,340.39 2 1
project10/parser.go:340.39,344.4 3 1
project10/parser.go:346.2,346.18 1 1
project10/parser.go:346.18,349.39 3 1
project10/parser.go:349.39,353.4 3 0
project10/parser.go:356.2,357.49 2 1
project10/parser.go:360.34,370.2 7 1
project10/parser.go:372.42,379.19 5 1
project10/parser.go:379.19,385.3 4 1
project10/parser.go:387.2,388.10 2 1
project10/parser.go:391.41,395.22 3 1
project10/parser.go:395.22,402.19 5 1
project10/parser.go:402.19,405.4 2 1
project10/parser.go:408.2,409.48 2 1
project10/parser.go:412.39,422.2 7 1
project10/parser.go:424.34,426.2 1 1
project10/parser.go:428.34,430.34 2 0
project10/parser.go:430.34,431.19 1 0
project10/parser.go:432.14,433.34 1 0
project10/parser.go:434.12,435.31 1 0
project10/parser.go:436.16,437.12 1 0
project10/parser.go:438.11,440.21 2 0
project10/parser.go:444.2,444.20 1 0
project10/parser.go:447.30,448.34 1 0
project10/parser.go:448.34,449.19 1 0
project10/parser.go:450.14,451.27 1 0
project10/parser.go:452.12,453.28 1 0
project10/parser.go:454.16,455.12 1 0
project10/parser.go:456.11,457.65 1 0
project10/parser.go:462.25,464.20 2 1
project10/parser.go:464.20,467.3 2 1
project10/parser.go:468.2,470.11 3 1
project10/parser.go:470.11,472.3 1 0
project10/parser.go:473.2,473.48 1 1
project10/parser.go:476.51,479.2 2 1
project10/parser.go:481.37,482.37 1 1
project10/parser.go:482.37,484.3 1 1
project10/parser.go:490.34,491.18 1 1
project10/parser.go:491.18,493.3 1 0
project10/parser.go:495.2,495.21 1 1
project10/parser.go:495.21,498.3 2 1
project10/parser.go:500.2,500.18 1 1
project10/parser.go:500.18,504.3 3 1
project10/parser.go:506.2,506.19 1 1
project10/parser.go:506.19,510.3 3 1
project10/parser.go:512.2,513.53 2 1
project10/parser.go:516.32,518.15 2 1
project10/parser.go:519.11,520.18 1 1
project10/parser.go:521.11,522.18 1 0
project10/parser.go:523.11,524.19 1 0
project10/parser.go:525.10,526.17 1 1
project10/parser.go:528.2,529.50 2 1
project10/parser.go:532.36,534.2 1 1
project10/parser.go:536.31,538.2 1 1
project10/scanner.go:20.36,26.2 4 1
project10/scanner.go:28.50,31.15 2 1
project10/scanner.go:31.15,33.3 1 1
project10/scanner.go:35.2,35.21 1 1
project10/scanner.go:36.20,38.20 2 1
project10/scanner.go:39.21,40.28 1 1
project10/scanner.go:41.10,43.13 2 1
project10/scanner.go:44.12,46.24 2 1
project10/scanner.go:47.12,48.13 1 0
project10/scanner.go:49.12,50.34 1 1
project10/scanner.go:50.34,54.5 2 1
project10/scanner.go:54.10,58.5 2 1
project10/scanner.go:59.11,61.16 2 1
project10/scanner.go:65.2,65.8 1 1
project10/scanner.go:68.26,69.30 1 1
project10/scanner.go:69.30,73.3 3 1
project10/scanner.go:75.2,78.9 3 1
project10/scanner.go:79.14,80.34 1 0
project10/scanner.go:81.25,83.36 2 0
project10/scanner.go:83.36,85.4 1 0
project10/scanner.go:87.2,88.17 2 1
project10/scanner.go:91.43,93.46 2 1
project10/scanner.go:93.46,96.25 1 1
project10/scanner.go:96.25,97.12 1 1
project10/scanner.go:99.3,103.8 5 1
project10/scanner.go:106.2,106.37 1 1
project10/scanner.go:109.56,112.46 3 1
project10/scanner.go:112.46,113.27 1 1
project10/scanner.go:113.27,114.12 1 0
project10/scanner.go:116.3,120.8 5 1
project10/scanner.go:122.2,124.8 2 1
project10/scanner.go:127.39,129.6 2 1
project10/scanner.go:129.6,131.27 2 1
project10/scanner.go:131.27,132.9 1 0
project10/scanner.go:134.3,135.16 2 1
project10/scanner.go:135.16,136.9 1 1
project10/scanner.go:140.2,140.41 1 1
project10/scanner.go:143.40,146.17 2 1
project10/scanner.go:146.17,148.32 2 1
project10/scanner.go:148.32,150.4 1 1
project10/scanner.go:151.3,151.12 1 1
project10/scanner.go:155.2,157.15 3 1
project10/scanner.go:157.15,160.31 3 1
project10/scanner.go:160.31,162.13 2 1
project10/scanner.go:167.2,169.12 3 1
project10/scanner.go:172.36,173.66 1 1
project10/scanner.go:173.66,175.3 1 1
project10/scanner.go:178.32,180.2 1 1
project10/scanner.go:182.29,186.2 1 1
project10/scanner.go:188.30,188.57 1 1
project10/scanner.go:189.30,189.63 1 1
project10/token.go:121.34,123.42 2 1
project10/token.go:123.42,125.3 1 1
project10/token.go:126.2,126.13 1 1
project10/token.go:126.13,128.3 1 0
project10/token.go:130.2,130.10 1 1
project10/token.go:137.13,139.49 2 1
project10/token.go:139.49,141.3 1 1
project10/token.go:143.2,144.47 2 1
project10/token.go:144.47,146.3 1 1
project10/token.go:148.2,149.39 2 1
project10/token.go:149.39,151.3 1 1
project10/token.go:154.33,155.34 1 1
project10/token.go:155.34,157.3 1 1
project10/token.go:159.2,159.14 1 1
project10/token.go:162.30,165.2 2 0
project10/token.go:167.26,170.2 2 1
