mode: set
github.com/bannnn511/nand2tetris/project7/main.go:9.13,10.22 1 0
github.com/bannnn511/nand2tetris/project7/main.go:10.22,12.3 1 0
github.com/bannnn511/nand2tetris/project7/main.go:15.2,16.16 2 0
github.com/bannnn511/nand2tetris/project7/main.go:16.16,18.3 1 0
github.com/bannnn511/nand2tetris/project7/main.go:19.2,19.20 1 0
github.com/bannnn511/nand2tetris/project7/main.go:28.35,30.2 1 1
github.com/bannnn511/nand2tetris/project7/main.go:32.40,35.2 2 0
github.com/bannnn511/nand2tetris/project7/main.go:37.27,40.2 2 0
github.com/bannnn511/nand2tetris/project7/parser.go:33.40,37.2 1 1
github.com/bannnn511/nand2tetris/project7/parser.go:39.44,41.2 1 1
github.com/bannnn511/nand2tetris/project7/parser.go:43.40,45.2 1 1
github.com/bannnn511/nand2tetris/project7/parser.go:47.28,49.36 2 1
github.com/bannnn511/nand2tetris/project7/parser.go:49.36,51.3 1 0
github.com/bannnn511/nand2tetris/project7/parser.go:52.2,55.19 3 1
github.com/bannnn511/nand2tetris/project7/parser.go:55.19,57.3 1 1
github.com/bannnn511/nand2tetris/project7/parser.go:58.2,58.19 1 1
github.com/bannnn511/nand2tetris/project7/parser.go:58.19,60.3 1 1
github.com/bannnn511/nand2tetris/project7/parser.go:62.2,63.23 2 1
github.com/bannnn511/nand2tetris/project7/parser.go:63.23,65.3 1 1
github.com/bannnn511/nand2tetris/project7/parser.go:65.8,65.29 1 1
github.com/bannnn511/nand2tetris/project7/parser.go:65.29,67.3 1 1
github.com/bannnn511/nand2tetris/project7/parser.go:67.8,69.3 1 0
github.com/bannnn511/nand2tetris/project7/parser.go:72.32,73.36 1 0
github.com/bannnn511/nand2tetris/project7/parser.go:73.36,75.3 1 0
github.com/bannnn511/nand2tetris/project7/parser.go:77.2,77.15 1 0
github.com/bannnn511/nand2tetris/project7/parser.go:80.29,84.28 1 0
github.com/bannnn511/nand2tetris/project7/parser.go:84.28,87.3 2 0
github.com/bannnn511/nand2tetris/project7/parser.go:88.2,88.10 1 0
github.com/bannnn511/nand2tetris/project7/translator.go:20.47,24.2 1 0
github.com/bannnn511/nand2tetris/project7/translator.go:26.54,28.2 0 0
github.com/bannnn511/nand2tetris/project7/translator.go:31.80,33.17 2 0
github.com/bannnn511/nand2tetris/project7/translator.go:34.13,36.18 2 0
github.com/bannnn511/nand2tetris/project7/translator.go:37.16,38.26 1 0
github.com/bannnn511/nand2tetris/project7/translator.go:39.19,40.26 1 0
github.com/bannnn511/nand2tetris/project7/translator.go:41.15,42.27 1 0
github.com/bannnn511/nand2tetris/project7/translator.go:43.15,44.27 1 0
github.com/bannnn511/nand2tetris/project7/translator.go:46.3,46.45 1 0
github.com/bannnn511/nand2tetris/project7/translator.go:49.2,50.16 2 0
github.com/bannnn511/nand2tetris/project7/translator.go:50.16,52.3 1 0
github.com/bannnn511/nand2tetris/project7/translator.go:55.54,67.2 2 1
github.com/bannnn511/nand2tetris/project7/translator.go:69.35,70.39 1 0
github.com/bannnn511/nand2tetris/project7/translator.go:70.39,72.3 1 0
github.com/bannnn511/nand2tetris/project7/translator.go:74.2,74.12 1 0
